2023-06-14 14:32:29,154 INFO o.a.j.u.JMeterUtils: Setting Locale to en_EN
2023-06-14 14:32:29,178 INFO o.a.j.JMeter: Loading user properties from: C:\Users\hp\Desktop\apache-jmeter-5.5\bin\user.properties
2023-06-14 14:32:29,179 INFO o.a.j.JMeter: Loading system properties from: C:\Users\hp\Desktop\apache-jmeter-5.5\bin\system.properties
2023-06-14 14:32:29,188 INFO o.a.j.JMeter: Copyright (c) 1998-2022 The Apache Software Foundation
2023-06-14 14:32:29,188 INFO o.a.j.JMeter: Version 5.5
2023-06-14 14:32:29,188 INFO o.a.j.JMeter: java.version=17
2023-06-14 14:32:29,188 INFO o.a.j.JMeter: java.vm.name=Java HotSpot(TM) 64-Bit Server VM
2023-06-14 14:32:29,188 INFO o.a.j.JMeter: os.name=Windows 10
2023-06-14 14:32:29,189 INFO o.a.j.JMeter: os.arch=amd64
2023-06-14 14:32:29,189 INFO o.a.j.JMeter: os.version=10.0
2023-06-14 14:32:29,189 INFO o.a.j.JMeter: file.encoding=Cp1252
2023-06-14 14:32:29,189 INFO o.a.j.JMeter: java.awt.headless=true
2023-06-14 14:32:29,189 INFO o.a.j.JMeter: Max memory     =1073741824
2023-06-14 14:32:29,189 INFO o.a.j.JMeter: Available Processors =12
2023-06-14 14:32:29,201 INFO o.a.j.JMeter: Default Locale=English (EN)
2023-06-14 14:32:29,201 INFO o.a.j.JMeter: JMeter  Locale=English (EN)
2023-06-14 14:32:29,201 INFO o.a.j.JMeter: JMeterHome=C:\Users\hp\Desktop\apache-jmeter-5.5
2023-06-14 14:32:29,201 INFO o.a.j.JMeter: user.dir  =C:\Users\hp\Desktop\blazeDemoTest
2023-06-14 14:32:29,202 INFO o.a.j.JMeter: PWD       =C:\Users\hp\Desktop\blazeDemoTest
2023-06-14 14:32:29,203 INFO o.a.j.JMeter: IP: 10.10.13.22 Name: DESKTOP-2KD9ONT FullName: DESKTOP-2KD9ONT
2023-06-14 14:32:29,212 INFO o.a.j.JMeter: Setting property 'jmeter.reportgenerator.outputdir' to:'C:\Users\hp\Desktop\blazeDemoTest\report'
2023-06-14 14:32:29,214 INFO o.a.j.s.FileServer: Default base='C:\Users\hp\Desktop\blazeDemoTest'
2023-06-14 14:32:29,215 INFO o.a.j.s.FileServer: Set new base='C:\Users\hp\Desktop\blazeDemoTest'
2023-06-14 14:32:29,404 INFO o.a.j.s.SaveService: Testplan (JMX) version: 2.2. Testlog (JTL) version: 2.2
2023-06-14 14:32:29,431 INFO o.a.j.s.SaveService: Using SaveService properties version 5.0
2023-06-14 14:32:29,434 INFO o.a.j.s.SaveService: Using SaveService properties file encoding UTF-8
2023-06-14 14:32:29,437 INFO o.a.j.s.SaveService: Loading file: blazeDemo.jmx
2023-06-14 14:32:29,483 INFO o.a.j.p.h.s.HTTPSamplerBase: Parser for text/html is org.apache.jmeter.protocol.http.parser.LagartoBasedHtmlParser
2023-06-14 14:32:29,483 INFO o.a.j.p.h.s.HTTPSamplerBase: Parser for application/xhtml+xml is org.apache.jmeter.protocol.http.parser.LagartoBasedHtmlParser
2023-06-14 14:32:29,483 INFO o.a.j.p.h.s.HTTPSamplerBase: Parser for application/xml is org.apache.jmeter.protocol.http.parser.LagartoBasedHtmlParser
2023-06-14 14:32:29,483 INFO o.a.j.p.h.s.HTTPSamplerBase: Parser for text/xml is org.apache.jmeter.protocol.http.parser.LagartoBasedHtmlParser
2023-06-14 14:32:29,483 INFO o.a.j.p.h.s.HTTPSamplerBase: Parser for text/vnd.wap.wml is org.apache.jmeter.protocol.http.parser.RegexpHTMLParser
2023-06-14 14:32:29,483 INFO o.a.j.p.h.s.HTTPSamplerBase: Parser for text/css is org.apache.jmeter.protocol.http.parser.CssParser
2023-06-14 14:32:29,521 INFO o.a.j.JMeter: Creating summariser <summary>
2023-06-14 14:32:29,529 INFO o.a.j.r.d.ReportGenerator: ReportGenerator will use for Parsing the separator: ','
2023-06-14 14:32:29,529 INFO o.a.j.r.d.ReportGenerator: Will generate report at end of test from  results file: result.csv
2023-06-14 14:32:29,529 INFO o.a.j.r.d.ReportGenerator: Reading report generator properties from: C:\Users\hp\Desktop\apache-jmeter-5.5\bin\reportgenerator.properties
2023-06-14 14:32:29,530 INFO o.a.j.r.d.ReportGenerator: Merging with JMeter properties
2023-06-14 14:32:29,537 INFO o.a.j.r.c.ReportGeneratorConfiguration: Property 'jmeter.reportgenerator.temp_dir' not found, using default value 'temp' instead.
2023-06-14 14:32:29,541 INFO o.a.j.r.c.ReportGeneratorConfiguration: Property 'jmeter.reportgenerator.apdex_per_transaction' not found, using default value 'null' instead.
2023-06-14 14:32:29,541 INFO o.a.j.r.c.ReportGeneratorConfiguration: apdex_per_transaction is empty, not APDEX per transaction customization
2023-06-14 14:32:29,542 INFO o.a.j.r.c.ReportGeneratorConfiguration: Property 'jmeter.reportgenerator.sample_filter' not found, using default value 'null' instead.
2023-06-14 14:32:29,542 INFO o.a.j.r.c.ReportGeneratorConfiguration: Property 'jmeter.reportgenerator.report_title' not found, using default value 'null' instead.
2023-06-14 14:32:29,542 INFO o.a.j.r.c.ReportGeneratorConfiguration: Property 'jmeter.reportgenerator.start_date' not found, using default value 'null' instead.
2023-06-14 14:32:29,543 INFO o.a.j.r.c.ReportGeneratorConfiguration: Property 'jmeter.reportgenerator.end_date' not found, using default value 'null' instead.
2023-06-14 14:32:29,543 INFO o.a.j.r.c.ReportGeneratorConfiguration: Property 'jmeter.reportgenerator.date_format' not found, using default value 'null' instead.
2023-06-14 14:32:29,544 INFO o.a.j.r.c.ReportGeneratorConfiguration: Will use date range start date: null, end date: null
2023-06-14 14:32:29,548 INFO o.a.j.r.c.ReportGeneratorConfiguration: Property 'jmeter.reportgenerator.graph.totalTPS.exclude_controllers' not found, using default value 'false' instead.
2023-06-14 14:32:29,548 INFO o.a.j.r.c.ReportGeneratorConfiguration: Property 'jmeter.reportgenerator.graph.activeThreadsOverTime.exclude_controllers' not found, using default value 'false' instead.
2023-06-14 14:32:29,548 INFO o.a.j.r.c.ReportGeneratorConfiguration: Property 'jmeter.reportgenerator.graph.timeVsThreads.exclude_controllers' not found, using default value 'false' instead.
2023-06-14 14:32:29,548 INFO o.a.j.r.c.ReportGeneratorConfiguration: Property 'jmeter.reportgenerator.graph.responseTimeDistribution.exclude_controllers' not found, using default value 'false' instead.
2023-06-14 14:32:29,549 INFO o.a.j.r.c.ReportGeneratorConfiguration: Property 'jmeter.reportgenerator.graph.transactionsPerSecond.exclude_controllers' not found, using default value 'false' instead.
2023-06-14 14:32:29,549 INFO o.a.j.r.c.ReportGeneratorConfiguration: Property 'jmeter.reportgenerator.graph.responseTimePercentiles.exclude_controllers' not found, using default value 'false' instead.
2023-06-14 14:32:29,549 INFO o.a.j.r.c.ReportGeneratorConfiguration: Property 'jmeter.reportgenerator.graph.responseTimePercentilesOverTime.exclude_controllers' not found, using default value 'false' instead.
2023-06-14 14:32:29,549 INFO o.a.j.r.c.ReportGeneratorConfiguration: Property 'jmeter.reportgenerator.graph.responseTimesOverTime.exclude_controllers' not found, using default value 'false' instead.
2023-06-14 14:32:29,550 INFO o.a.j.r.c.ReportGeneratorConfiguration: Property 'jmeter.reportgenerator.graph.connectTimeOverTime.exclude_controllers' not found, using default value 'false' instead.
2023-06-14 14:32:29,550 INFO o.a.j.r.c.ReportGeneratorConfiguration: Property 'jmeter.reportgenerator.graph.latenciesOverTime.exclude_controllers' not found, using default value 'false' instead.
2023-06-14 14:32:29,551 INFO o.a.j.r.c.ReportGeneratorConfiguration: Property 'jmeter.reportgenerator.exporter.json.filters_only_sample_series' not found, using default value 'true' instead.
2023-06-14 14:32:29,552 INFO o.a.j.r.c.ReportGeneratorConfiguration: Property 'jmeter.reportgenerator.exporter.json.series_filter' not found, using default value '' instead.
2023-06-14 14:32:29,552 INFO o.a.j.r.c.ReportGeneratorConfiguration: Property 'jmeter.reportgenerator.exporter.json.show_controllers_only' not found, using default value 'false' instead.
2023-06-14 14:32:29,552 INFO o.a.j.r.c.ReportGeneratorConfiguration: Property 'jmeter.reportgenerator.exporter.html.filters_only_sample_series' not found, using default value 'true' instead.
2023-06-14 14:32:29,552 INFO o.a.j.r.c.ReportGeneratorConfiguration: Property 'jmeter.reportgenerator.exporter.html.series_filter' not found, using default value '' instead.
2023-06-14 14:32:29,553 INFO o.a.j.r.c.ReportGeneratorConfiguration: Property 'jmeter.reportgenerator.exporter.html.show_controllers_only' not found, using default value 'false' instead.
2023-06-14 14:32:29,572 INFO o.a.j.e.StandardJMeterEngine: Running the test!
2023-06-14 14:32:29,573 INFO o.a.j.s.SampleEvent: List of sample_variables: []
2023-06-14 14:32:29,573 INFO o.a.j.s.SampleEvent: List of sample_variables: []
2023-06-14 14:32:29,584 INFO o.a.j.e.u.CompoundVariable: Note: Function class names must contain the string: '.functions.'
2023-06-14 14:32:29,584 INFO o.a.j.e.u.CompoundVariable: Note: Function class names must not contain the string: '.gui.'
2023-06-14 14:32:29,689 INFO o.a.j.JMeter: Running test (1686742349689)
2023-06-14 14:32:29,706 INFO o.a.j.e.StandardJMeterEngine: Starting ThreadGroup: 1 : Thread Group
2023-06-14 14:32:29,706 INFO o.a.j.e.StandardJMeterEngine: Starting 40 threads for group Thread Group.
2023-06-14 14:32:29,706 INFO o.a.j.e.StandardJMeterEngine: Thread will continue on error
2023-06-14 14:32:29,706 INFO o.a.j.t.ThreadGroup: Starting thread group... number=1 threads=40 ramp-up=1 delayedStart=false
2023-06-14 14:32:29,715 INFO o.a.j.t.JMeterThread: Thread started: Thread Group 1-1
2023-06-14 14:32:29,729 INFO o.a.j.t.ThreadGroup: Started thread group number 1
2023-06-14 14:32:29,729 INFO o.a.j.e.StandardJMeterEngine: All thread groups have been started
2023-06-14 14:32:29,737 INFO o.a.j.t.JMeterThread: Thread started: Thread Group 1-2
2023-06-14 14:32:29,740 INFO o.a.j.p.h.s.HTTPHCAbstractImpl: Local host = DESKTOP-2KD9ONT
2023-06-14 14:32:29,747 INFO o.a.j.p.h.s.HTTPHC4Impl: HTTP request retry count = 0
2023-06-14 14:32:29,748 INFO o.a.j.s.SampleResult: Note: Sample TimeStamps are START times
2023-06-14 14:32:29,749 INFO o.a.j.s.SampleResult: sampleresult.default.encoding is set to ISO-8859-1
2023-06-14 14:32:29,749 INFO o.a.j.s.SampleResult: sampleresult.useNanoTime=true
2023-06-14 14:32:29,749 INFO o.a.j.s.SampleResult: sampleresult.nanoThreadSleep=5000
2023-06-14 14:32:29,762 INFO o.a.j.t.JMeterThread: Thread started: Thread Group 1-3
2023-06-14 14:32:29,787 INFO o.a.j.t.JMeterThread: Thread started: Thread Group 1-4
2023-06-14 14:32:29,810 INFO o.a.j.t.JMeterThread: Thread started: Thread Group 1-5
2023-06-14 14:32:29,835 INFO o.a.j.t.JMeterThread: Thread started: Thread Group 1-6
2023-06-14 14:32:29,859 INFO o.a.j.t.JMeterThread: Thread started: Thread Group 1-7
2023-06-14 14:32:29,885 INFO o.a.j.t.JMeterThread: Thread started: Thread Group 1-8
2023-06-14 14:32:29,890 INFO o.a.j.p.h.s.h.LazyLayeredConnectionSocketFactory: Setting up HTTPS TrustAll Socket Factory
2023-06-14 14:32:29,898 INFO o.a.j.u.JsseSSLManager: Using default SSL protocol: TLS
2023-06-14 14:32:29,898 INFO o.a.j.u.JsseSSLManager: SSL session context: per-thread
2023-06-14 14:32:29,908 INFO o.a.j.t.JMeterThread: Thread started: Thread Group 1-9
2023-06-14 14:32:29,935 INFO o.a.j.t.JMeterThread: Thread started: Thread Group 1-10
2023-06-14 14:32:29,957 INFO o.a.j.t.JMeterThread: Thread started: Thread Group 1-11
2023-06-14 14:32:29,984 INFO o.a.j.t.JMeterThread: Thread started: Thread Group 1-12
2023-06-14 14:32:30,009 INFO o.a.j.t.JMeterThread: Thread started: Thread Group 1-13
2023-06-14 14:32:30,036 INFO o.a.j.t.JMeterThread: Thread started: Thread Group 1-14
2023-06-14 14:32:30,045 INFO o.a.j.u.SSLManager: JmeterKeyStore Location:  type JKS
2023-06-14 14:32:30,050 INFO o.a.j.u.SSLManager: KeyStore created OK
2023-06-14 14:32:30,050 WARN o.a.j.u.SSLManager: Keystore file not found, loading empty keystore
2023-06-14 14:32:30,058 INFO o.a.j.t.JMeterThread: Thread started: Thread Group 1-15
2023-06-14 14:32:30,083 INFO o.a.j.t.JMeterThread: Thread started: Thread Group 1-16
2023-06-14 14:32:30,108 INFO o.a.j.t.JMeterThread: Thread started: Thread Group 1-17
2023-06-14 14:32:30,132 INFO o.a.j.t.JMeterThread: Thread started: Thread Group 1-18
2023-06-14 14:32:30,158 INFO o.a.j.t.JMeterThread: Thread started: Thread Group 1-19
2023-06-14 14:32:30,184 INFO o.a.j.t.JMeterThread: Thread started: Thread Group 1-20
2023-06-14 14:32:30,210 INFO o.a.j.t.JMeterThread: Thread started: Thread Group 1-21
2023-06-14 14:32:30,236 INFO o.a.j.t.JMeterThread: Thread started: Thread Group 1-22
2023-06-14 14:32:30,259 INFO o.a.j.t.JMeterThread: Thread started: Thread Group 1-23
2023-06-14 14:32:30,299 INFO o.a.j.t.JMeterThread: Thread started: Thread Group 1-24
2023-06-14 14:32:30,307 INFO o.a.j.t.JMeterThread: Thread started: Thread Group 1-25
2023-06-14 14:32:30,334 INFO o.a.j.t.JMeterThread: Thread started: Thread Group 1-26
2023-06-14 14:32:30,359 INFO o.a.j.t.JMeterThread: Thread started: Thread Group 1-27
2023-06-14 14:32:30,382 INFO o.a.j.t.JMeterThread: Thread started: Thread Group 1-28
2023-06-14 14:32:30,412 INFO o.a.j.t.JMeterThread: Thread started: Thread Group 1-29
2023-06-14 14:32:30,432 INFO o.a.j.t.JMeterThread: Thread started: Thread Group 1-30
2023-06-14 14:32:30,457 INFO o.a.j.t.JMeterThread: Thread started: Thread Group 1-31
2023-06-14 14:32:30,489 INFO o.a.j.t.JMeterThread: Thread started: Thread Group 1-32
2023-06-14 14:32:30,509 INFO o.a.j.t.JMeterThread: Thread started: Thread Group 1-33
2023-06-14 14:32:30,534 INFO o.a.j.t.JMeterThread: Thread started: Thread Group 1-34
2023-06-14 14:32:30,557 INFO o.a.j.t.JMeterThread: Thread started: Thread Group 1-35
2023-06-14 14:32:30,584 INFO o.a.j.t.JMeterThread: Thread started: Thread Group 1-36
2023-06-14 14:32:30,608 INFO o.a.j.t.JMeterThread: Thread started: Thread Group 1-37
2023-06-14 14:32:30,632 INFO o.a.j.t.JMeterThread: Thread started: Thread Group 1-38
2023-06-14 14:32:30,659 INFO o.a.j.t.JMeterThread: Thread started: Thread Group 1-39
2023-06-14 14:32:30,683 INFO o.a.j.t.JMeterThread: Thread started: Thread Group 1-40
2023-06-14 14:32:30,693 INFO o.a.j.r.Summariser: summary +      1 in 00:00:01 =    1.0/s Avg:   829 Min:   829 Max:   829 Err:     1 (100.00%) Active: 40 Started: 40 Finished: 0
2023-06-14 14:32:30,694 INFO o.a.j.t.JMeterThread: Thread is done: Thread Group 1-4
2023-06-14 14:32:30,694 INFO o.a.j.t.JMeterThread: Thread finished: Thread Group 1-4
2023-06-14 14:32:30,790 INFO o.a.j.t.JMeterThread: Thread is done: Thread Group 1-24
2023-06-14 14:32:30,790 INFO o.a.j.t.JMeterThread: Thread is done: Thread Group 1-13
2023-06-14 14:32:30,790 INFO o.a.j.t.JMeterThread: Thread finished: Thread Group 1-24
2023-06-14 14:32:30,790 INFO o.a.j.t.JMeterThread: Thread finished: Thread Group 1-13
2023-06-14 14:32:30,807 INFO o.a.j.t.JMeterThread: Thread is done: Thread Group 1-5
2023-06-14 14:32:30,807 INFO o.a.j.t.JMeterThread: Thread is done: Thread Group 1-26
2023-06-14 14:32:30,807 INFO o.a.j.t.JMeterThread: Thread finished: Thread Group 1-5
2023-06-14 14:32:30,808 INFO o.a.j.t.JMeterThread: Thread finished: Thread Group 1-26
2023-06-14 14:32:30,825 INFO o.a.j.t.JMeterThread: Thread is done: Thread Group 1-11
2023-06-14 14:32:30,826 INFO o.a.j.t.JMeterThread: Thread finished: Thread Group 1-11
2023-06-14 14:32:30,851 INFO o.a.j.t.JMeterThread: Thread is done: Thread Group 1-19
2023-06-14 14:32:30,851 INFO o.a.j.t.JMeterThread: Thread finished: Thread Group 1-19
2023-06-14 14:32:30,851 INFO o.a.j.t.JMeterThread: Thread is done: Thread Group 1-10
2023-06-14 14:32:30,851 INFO o.a.j.t.JMeterThread: Thread finished: Thread Group 1-10
2023-06-14 14:32:30,854 INFO o.a.j.t.JMeterThread: Thread is done: Thread Group 1-21
2023-06-14 14:32:30,854 INFO o.a.j.t.JMeterThread: Thread finished: Thread Group 1-21
2023-06-14 14:32:30,858 INFO o.a.j.t.JMeterThread: Thread is done: Thread Group 1-8
2023-06-14 14:32:30,858 INFO o.a.j.t.JMeterThread: Thread finished: Thread Group 1-8
2023-06-14 14:32:30,860 INFO o.a.j.t.JMeterThread: Thread is done: Thread Group 1-29
2023-06-14 14:32:30,860 INFO o.a.j.t.JMeterThread: Thread is done: Thread Group 1-23
2023-06-14 14:32:30,860 INFO o.a.j.t.JMeterThread: Thread finished: Thread Group 1-29
2023-06-14 14:32:30,860 INFO o.a.j.t.JMeterThread: Thread finished: Thread Group 1-23
2023-06-14 14:32:30,861 INFO o.a.j.t.JMeterThread: Thread is done: Thread Group 1-3
2023-06-14 14:32:30,861 INFO o.a.j.t.JMeterThread: Thread finished: Thread Group 1-3
2023-06-14 14:32:30,865 INFO o.a.j.t.JMeterThread: Thread is done: Thread Group 1-20
2023-06-14 14:32:30,865 INFO o.a.j.t.JMeterThread: Thread finished: Thread Group 1-20
2023-06-14 14:32:30,874 INFO o.a.j.t.JMeterThread: Thread is done: Thread Group 1-14
2023-06-14 14:32:30,874 INFO o.a.j.t.JMeterThread: Thread is done: Thread Group 1-17
2023-06-14 14:32:30,875 INFO o.a.j.t.JMeterThread: Thread finished: Thread Group 1-14
2023-06-14 14:32:30,875 INFO o.a.j.t.JMeterThread: Thread finished: Thread Group 1-17
2023-06-14 14:32:30,877 INFO o.a.j.t.JMeterThread: Thread is done: Thread Group 1-16
2023-06-14 14:32:30,877 INFO o.a.j.t.JMeterThread: Thread finished: Thread Group 1-16
2023-06-14 14:32:30,903 INFO o.a.j.t.JMeterThread: Thread is done: Thread Group 1-33
2023-06-14 14:32:30,903 INFO o.a.j.t.JMeterThread: Thread finished: Thread Group 1-33
2023-06-14 14:32:30,948 INFO o.a.j.t.JMeterThread: Thread is done: Thread Group 1-32
2023-06-14 14:32:30,948 INFO o.a.j.t.JMeterThread: Thread finished: Thread Group 1-32
2023-06-14 14:32:31,010 INFO o.a.j.t.JMeterThread: Thread is done: Thread Group 1-34
2023-06-14 14:32:31,010 INFO o.a.j.t.JMeterThread: Thread finished: Thread Group 1-34
2023-06-14 14:32:31,035 INFO o.a.j.t.JMeterThread: Thread is done: Thread Group 1-37
2023-06-14 14:32:31,035 INFO o.a.j.t.JMeterThread: Thread finished: Thread Group 1-37
2023-06-14 14:32:31,052 INFO o.a.j.t.JMeterThread: Thread is done: Thread Group 1-35
2023-06-14 14:32:31,053 INFO o.a.j.t.JMeterThread: Thread finished: Thread Group 1-35
2023-06-14 14:32:31,095 INFO o.a.j.t.JMeterThread: Thread is done: Thread Group 1-36
2023-06-14 14:32:31,096 INFO o.a.j.t.JMeterThread: Thread finished: Thread Group 1-36
2023-06-14 14:32:31,101 INFO o.a.j.t.JMeterThread: Thread is done: Thread Group 1-38
2023-06-14 14:32:31,101 INFO o.a.j.t.JMeterThread: Thread finished: Thread Group 1-38
2023-06-14 14:32:31,146 INFO o.a.j.t.JMeterThread: Thread is done: Thread Group 1-22
2023-06-14 14:32:31,146 INFO o.a.j.t.JMeterThread: Thread finished: Thread Group 1-22
2023-06-14 14:32:31,259 INFO o.a.j.t.JMeterThread: Thread is done: Thread Group 1-9
2023-06-14 14:32:31,259 INFO o.a.j.t.JMeterThread: Thread finished: Thread Group 1-9
2023-06-14 14:32:31,267 INFO o.a.j.t.JMeterThread: Thread is done: Thread Group 1-25
2023-06-14 14:32:31,267 INFO o.a.j.t.JMeterThread: Thread finished: Thread Group 1-25
2023-06-14 14:32:31,335 INFO o.a.j.t.JMeterThread: Thread is done: Thread Group 1-30
2023-06-14 14:32:31,335 INFO o.a.j.t.JMeterThread: Thread finished: Thread Group 1-30
2023-06-14 14:32:32,334 INFO o.a.j.t.JMeterThread: Thread is done: Thread Group 1-7
2023-06-14 14:32:32,334 INFO o.a.j.t.JMeterThread: Thread finished: Thread Group 1-7
2023-06-14 14:32:32,357 INFO o.a.j.t.JMeterThread: Thread is done: Thread Group 1-1
2023-06-14 14:32:32,357 INFO o.a.j.t.JMeterThread: Thread finished: Thread Group 1-1
2023-06-14 14:32:32,408 INFO o.a.j.t.JMeterThread: Thread is done: Thread Group 1-6
2023-06-14 14:32:32,408 INFO o.a.j.t.JMeterThread: Thread finished: Thread Group 1-6
2023-06-14 14:32:33,187 INFO o.a.j.t.JMeterThread: Thread is done: Thread Group 1-40
2023-06-14 14:32:33,187 INFO o.a.j.t.JMeterThread: Thread finished: Thread Group 1-40
2023-06-14 14:32:33,960 INFO o.a.j.t.JMeterThread: Thread is done: Thread Group 1-2
2023-06-14 14:32:33,961 INFO o.a.j.t.JMeterThread: Thread finished: Thread Group 1-2
2023-06-14 14:32:34,048 INFO o.a.j.t.JMeterThread: Thread is done: Thread Group 1-12
2023-06-14 14:32:34,048 INFO o.a.j.t.JMeterThread: Thread finished: Thread Group 1-12
2023-06-14 14:32:34,159 INFO o.a.j.t.JMeterThread: Thread is done: Thread Group 1-31
2023-06-14 14:32:34,159 INFO o.a.j.t.JMeterThread: Thread finished: Thread Group 1-31
2023-06-14 14:32:36,646 INFO o.a.j.t.JMeterThread: Thread is done: Thread Group 1-15
2023-06-14 14:32:36,646 INFO o.a.j.t.JMeterThread: Thread finished: Thread Group 1-15
2023-06-14 14:32:36,741 INFO o.a.j.t.JMeterThread: Thread is done: Thread Group 1-18
2023-06-14 14:32:36,741 INFO o.a.j.t.JMeterThread: Thread finished: Thread Group 1-18
2023-06-14 14:32:36,799 INFO o.a.j.t.JMeterThread: Thread is done: Thread Group 1-28
2023-06-14 14:32:36,800 INFO o.a.j.t.JMeterThread: Thread finished: Thread Group 1-28
2023-06-14 14:32:36,874 INFO o.a.j.t.JMeterThread: Thread is done: Thread Group 1-39
2023-06-14 14:32:36,875 INFO o.a.j.t.JMeterThread: Thread finished: Thread Group 1-39
2023-06-14 14:32:40,316 INFO o.a.j.t.JMeterThread: Thread is done: Thread Group 1-27
2023-06-14 14:32:40,317 INFO o.a.j.t.JMeterThread: Thread finished: Thread Group 1-27
2023-06-14 14:32:40,318 INFO o.a.j.e.StandardJMeterEngine: Notifying test listeners of end of test
2023-06-14 14:32:40,320 INFO o.a.j.r.Summariser: summary +     39 in 00:00:10 =    4.1/s Avg:  1971 Min:   392 Max:  9956 Err:     0 (0.00%) Active: 0 Started: 40 Finished: 40
2023-06-14 14:32:40,321 INFO o.a.j.r.Summariser: summary =     40 in 00:00:11 =    3.8/s Avg:  1942 Min:   392 Max:  9956 Err:     1 (2.50%)
2023-06-14 14:32:40,323 INFO o.a.j.JMeter: Generating Dashboard
2023-06-14 14:32:40,323 INFO o.a.j.r.d.ReportGenerator: Flushing result collector before report Generation
2023-06-14 14:32:40,334 INFO o.a.j.r.p.NormalizerSampleConsumer: Using format, 'ms', to parse timeStamp field
2023-06-14 14:32:40,429 INFO o.a.j.r.p.AbstractSampleConsumer: class org.apache.jmeter.report.processor.AggregateConsumer#stopProducing(): beginDate produced 0 samples
2023-06-14 14:32:40,429 INFO o.a.j.r.p.AbstractSampleConsumer: class org.apache.jmeter.report.processor.AggregateConsumer#stopProducing(): endDate produced 0 samples
2023-06-14 14:32:40,433 INFO o.a.j.r.p.AbstractSampleConsumer: class org.apache.jmeter.report.processor.ApdexSummaryConsumer#stopProducing(): apdexSummary produced 0 samples
2023-06-14 14:32:40,433 INFO o.a.j.r.p.AbstractSampleConsumer: class org.apache.jmeter.report.processor.RequestsSummaryConsumer#stopProducing(): requestsSummary produced 0 samples
2023-06-14 14:32:40,438 INFO o.a.j.r.p.AbstractSampleConsumer: class org.apache.jmeter.report.processor.StatisticsSummaryConsumer#stopProducing(): statisticsSummary produced 0 samples
2023-06-14 14:32:40,440 INFO o.a.j.r.p.AbstractSampleConsumer: class org.apache.jmeter.report.processor.Top5ErrorsBySamplerConsumer#stopProducing(): top5ErrorsBySampler produced 0 samples
2023-06-14 14:32:40,440 INFO o.a.j.r.p.AbstractSampleConsumer: class org.apache.jmeter.report.processor.ErrorsSummaryConsumer#stopProducing(): errorsSummary produced 0 samples
2023-06-14 14:32:40,440 INFO o.a.j.r.p.AbstractSampleConsumer: class org.apache.jmeter.report.processor.graph.impl.HitsPerSecondGraphConsumer#stopProducing(): hitsPerSecond produced 0 samples
2023-06-14 14:32:40,454 INFO o.a.j.r.p.AbstractSampleConsumer: class org.apache.jmeter.report.processor.graph.impl.LatencyVSRequestGraphConsumer#stopProducing(): latencyVsRequest produced 0 samples
2023-06-14 14:32:40,454 INFO o.a.j.r.p.AbstractSampleConsumer: class org.apache.jmeter.report.processor.graph.impl.SyntheticResponseTimeDistributionGraphConsumer#stopProducing(): syntheticResponseTimeDistribution produced 0 samples
2023-06-14 14:32:40,455 INFO o.a.j.r.p.AbstractSampleConsumer: class org.apache.jmeter.report.processor.graph.impl.BytesThroughputGraphConsumer#stopProducing(): bytesThroughputOverTime produced 0 samples
2023-06-14 14:32:40,455 INFO o.a.j.r.p.AbstractSampleConsumer: class org.apache.jmeter.report.processor.graph.impl.CodesPerSecondGraphConsumer#stopProducing(): codesPerSecond produced 0 samples
2023-06-14 14:32:40,462 INFO o.a.j.r.p.AbstractSampleConsumer: class org.apache.jmeter.report.processor.graph.impl.ResponseTimeVSRequestGraphConsumer#stopProducing(): responseTimeVsRequest produced 0 samples
2023-06-14 14:32:40,462 INFO o.a.j.r.p.AbstractSampleConsumer: class org.apache.jmeter.report.processor.FilterConsumer#stopProducing(): startIntervalControlerFilter produced 280 samples
2023-06-14 14:32:40,462 INFO o.a.j.r.p.AbstractSampleConsumer: class org.apache.jmeter.report.processor.graph.impl.TotalTPSGraphConsumer#stopProducing(): totalTPS produced 0 samples
2023-06-14 14:32:40,462 INFO o.a.j.r.p.AbstractSampleConsumer: class org.apache.jmeter.report.processor.graph.impl.ActiveThreadsGraphConsumer#stopProducing(): activeThreadsOverTime produced 0 samples
2023-06-14 14:32:40,462 INFO o.a.j.r.p.AbstractSampleConsumer: class org.apache.jmeter.report.processor.graph.impl.TimeVSThreadGraphConsumer#stopProducing(): timeVsThreads produced 0 samples
2023-06-14 14:32:40,462 INFO o.a.j.r.p.AbstractSampleConsumer: class org.apache.jmeter.report.processor.graph.impl.ResponseTimeDistributionGraphConsumer#stopProducing(): responseTimeDistribution produced 0 samples
2023-06-14 14:32:40,463 INFO o.a.j.r.p.AbstractSampleConsumer: class org.apache.jmeter.report.processor.graph.impl.TransactionsPerSecondGraphConsumer#stopProducing(): transactionsPerSecond produced 0 samples
2023-06-14 14:32:40,463 INFO o.a.j.r.p.AbstractSampleConsumer: class org.apache.jmeter.report.processor.graph.impl.ResponseTimePercentilesGraphConsumer#stopProducing(): responseTimePercentiles produced 0 samples
2023-06-14 14:32:40,464 INFO o.a.j.r.p.AbstractSampleConsumer: class org.apache.jmeter.report.processor.graph.impl.ResponseTimePercentilesOverTimeGraphConsumer#stopProducing(): responseTimePercentilesOverTime produced 0 samples
2023-06-14 14:32:40,464 INFO o.a.j.r.p.AbstractSampleConsumer: class org.apache.jmeter.report.processor.graph.impl.ResponseTimeOverTimeGraphConsumer#stopProducing(): responseTimesOverTime produced 0 samples
2023-06-14 14:32:40,464 INFO o.a.j.r.p.AbstractSampleConsumer: class org.apache.jmeter.report.processor.graph.impl.ConnectTimeOverTimeGraphConsumer#stopProducing(): connectTimeOverTime produced 0 samples
2023-06-14 14:32:40,464 INFO o.a.j.r.p.AbstractSampleConsumer: class org.apache.jmeter.report.processor.graph.impl.LatencyOverTimeGraphConsumer#stopProducing(): latenciesOverTime produced 0 samples
2023-06-14 14:32:40,464 INFO o.a.j.r.p.AbstractSampleConsumer: class org.apache.jmeter.report.processor.FilterConsumer#stopProducing(): nameFilter produced 600 samples
2023-06-14 14:32:40,464 INFO o.a.j.r.p.AbstractSampleConsumer: class org.apache.jmeter.report.processor.FilterConsumer#stopProducing(): dateRangeFilter produced 120 samples
2023-06-14 14:32:40,464 INFO o.a.j.r.p.AbstractSampleConsumer: class org.apache.jmeter.report.processor.NormalizerSampleConsumer#stopProducing(): normalizer produced 40 samples
2023-06-14 14:32:40,465 INFO o.a.j.r.p.CsvFileSampleSource: produce(): 40 samples produced in 106ms on channel 0
2023-06-14 14:32:40,465 INFO o.a.j.r.d.ReportGenerator: Exporting data using exporter:'json' of className:'org.apache.jmeter.report.dashboard.JsonExporter'
2023-06-14 14:32:40,611 INFO o.a.j.r.d.JsonExporter: Found data for consumer statisticsSummary in context
2023-06-14 14:32:40,612 INFO o.a.j.r.d.JsonExporter: Creating statistics for overall
2023-06-14 14:32:40,613 INFO o.a.j.r.d.JsonExporter: Creating statistics for other transactions
2023-06-14 14:32:40,614 INFO o.a.j.r.d.JsonExporter: Checking output folder
2023-06-14 14:32:40,615 INFO o.a.j.r.d.JsonExporter: Writing statistics JSON to C:\Users\hp\Desktop\blazeDemoTest\report\statistics.json
2023-06-14 14:32:40,656 INFO o.a.j.r.d.ReportGenerator: Exporting data using exporter:'html' of className:'org.apache.jmeter.report.dashboard.HtmlTemplateExporter'
2023-06-14 14:32:40,659 INFO o.a.j.r.d.HtmlTemplateExporter: Will generate dashboard in folder: C:\Users\hp\Desktop\blazeDemoTest\report
2023-06-14 14:32:40,791 INFO o.a.j.r.d.HtmlTemplateExporter: Report will be generated in: C:\Users\hp\Desktop\blazeDemoTest\report, creating folder structure
2023-06-14 14:32:40,795 INFO o.a.j.r.d.TemplateVisitor: Copying folder from 'C:\Users\hp\Desktop\apache-jmeter-5.5\bin\report-template' to 'C:\Users\hp\Desktop\blazeDemoTest\report', got message: C:\Users\hp\Desktop\blazeDemoTest\report, found non empty folder with following content [C:\Users\hp\Desktop\blazeDemoTest\report\statistics.json], will be ignored
2023-06-14 14:32:41,239 INFO o.a.j.JMeter: Dashboard generated
